#
# A fatal error has been detected by the Java Runtime Environment:
#
#  Internal Error (javaClasses.cpp:136), pid=16804, tid=18964
#  fatal error: Invalid layout of preloaded class
#
# JRE version:  (7.0_55-b13) (build )
# Java VM: Java HotSpot(TM) 64-Bit Server VM (24.55-b03 mixed mode windows-amd64 compressed oops)
# Failed to write core dump. Minidumps are not enabled by default on client versions of Windows
#
# If you would like to submit a bug report, please visit:
#   http://bugreport.sun.com/bugreport/crash.jsp
#

---------------  T H R E A D  ---------------

Current thread (0x0000000001c7f000):  JavaThread "Unknown thread" [_thread_in_vm, id=18964, stack(0x0000000002160000,0x0000000002260000)]

Stack: [0x0000000002160000,0x0000000002260000]

---------------  P R O C E S S  ---------------

Java Threads: ( => current thread )

Other Threads:

=>0x0000000001c7f000 (exited) JavaThread "Unknown thread" [_thread_in_vm, id=18964, stack(0x0000000002160000,0x0000000002260000)]

VM state:not at safepoint (not fully initialized)

VM Mutex/Monitor currently owned by a thread: None

GC Heap History (0 events):
No events

Deoptimization events (0 events):
No events

Internal exceptions (0 events):
No events

Events (10 events):
Event: 0.011 loading class 0x000000000cf90760 done
Event: 0.011 loading class 0x000000000cf90180 done
Event: 0.011 loading class 0x000000000cf90160
Event: 0.011 loading class 0x000000000cf98260
Event: 0.011 loading class 0x000000000cf98260 done
Event: 0.011 loading class 0x000000000cf98290
Event: 0.011 loading class 0x000000000cf98290 done
Event: 0.011 loading class 0x000000000cf982c0
Event: 0.011 loading class 0x000000000cf982c0 done
Event: 0.011 loading class 0x000000000cf90160 done


Dynamic libraries:
0x000000013fa50000 - 0x000000013fa83000 	C:\Program Files\Java\jre7\bin\javaw.exe
0x00000000775f0000 - 0x0000000077799000 	C:\Windows\SYSTEM32\ntdll.dll
0x00000000774d0000 - 0x00000000775ef000 	C:\Windows\system32\kernel32.dll
0x000007fefd400000 - 0x000007fefd46c000 	C:\Windows\system32\KERNELBASE.dll
0x000007fefdad0000 - 0x000007fefdbab000 	C:\Windows\system32\ADVAPI32.dll
0x000007feff780000 - 0x000007feff81f000 	C:\Windows\system32\msvcrt.dll
0x000007feff3d0000 - 0x000007feff3ef000 	C:\Windows\SYSTEM32\sechost.dll
0x000007feff650000 - 0x000007feff77d000 	C:\Windows\system32\RPCRT4.dll
0x00000000773d0000 - 0x00000000774ca000 	C:\Windows\system32\USER32.dll
0x000007fefdf20000 - 0x000007fefdf87000 	C:\Windows\system32\GDI32.dll
0x000007feff0f0000 - 0x000007feff0fe000 	C:\Windows\system32\LPK.dll
0x000007fefda00000 - 0x000007fefdac9000 	C:\Windows\system32\USP10.dll
0x000007fefbb00000 - 0x000007fefbcf4000 	C:\Windows\WinSxS\amd64_microsoft.windows.common-controls_6595b64144ccf1df_6.0.7601.17514_none_fa396087175ac9ac\COMCTL32.dll
0x000007fefe200000 - 0x000007fefe271000 	C:\Windows\system32\SHLWAPI.dll
0x000007fefde50000 - 0x000007fefde7e000 	C:\Windows\system32\IMM32.DLL
0x000007fefdbb0000 - 0x000007fefdcb9000 	C:\Windows\system32\MSCTF.dll
0x000007fefd2f0000 - 0x000007fefd31f000 	C:\Windows\system32\nvinitx.dll
0x000000000f000000 - 0x000000000f006000 	C:\Program Files\NVIDIA Corporation\CoProcManager\_etoured.dll
0x000007fedc290000 - 0x000007fedc2ef000 	C:\Program Files\NVIDIA Corporation\CoProcManager\nvd3d9wrapx.dll
0x000007fefd780000 - 0x000007fefd957000 	C:\Windows\system32\SETUPAPI.dll
0x000007fefd730000 - 0x000007fefd766000 	C:\Windows\system32\CFGMGR32.dll
0x000007feff820000 - 0x000007feff8f7000 	C:\Windows\system32\OLEAUT32.dll
0x000007feff3f0000 - 0x000007feff5f3000 	C:\Windows\system32\ole32.dll
0x000007fefd3e0000 - 0x000007fefd3fa000 	C:\Windows\system32\DEVOBJ.dll
0x000007fedc240000 - 0x000007fedc286000 	C:\Program Files\NVIDIA Corporation\CoProcManager\nvdxgiwrapx.dll
0x0000000050390000 - 0x0000000050462000 	C:\Program Files\Java\jre7\bin\msvcr100.dll
0x000000006deb0000 - 0x000000006e679000 	C:\Program Files\Java\jre7\bin\server\jvm.dll
0x000007fef6f20000 - 0x000007fef6f29000 	C:\Windows\system32\WSOCK32.dll
0x000007feff600000 - 0x000007feff64d000 	C:\Windows\system32\WS2_32.dll
0x000007fefd770000 - 0x000007fefd778000 	C:\Windows\system32\NSI.dll
0x000007fefb230000 - 0x000007fefb26b000 	C:\Windows\system32\WINMM.dll
0x00000000777c0000 - 0x00000000777c7000 	C:\Windows\system32\PSAPI.DLL
0x0000000057c20000 - 0x0000000057c2f000 	C:\Program Files\Java\jre7\bin\verify.dll
0x0000000056750000 - 0x0000000056778000 	C:\Program Files\Java\jre7\bin\java.dll
0x0000000057c00000 - 0x0000000057c15000 	C:\Program Files\Java\jre7\bin\zip.dll

VM Arguments:
jvm_args: -Dfile.encoding=Cp1254 -Xbootclasspath:C:\Users\N04155-1013\Desktop\CESA\adt-bundle-windows-x86_64-20140321\adt-bundle-windows-x86_64-20140321\sdk\platforms\android-19\android.jar 
java_command: com.rdlab.utility.DateUtils
Launcher Type: SUN_STANDARD

Environment Variables:
PATH=C:\Program Files (x86)\PHP\v5.6;C:\Windows\system32\inetsrv;C:\ProgramData\Oracle\Java\javapath;C:\app\client\N04155-1013\product\12.1.0\client_2;C:\app\client\N04155-1013\product\12.1.0\client_2\bin;C:\app\client\N04155-1013\product\12.1.0\client_1\bin;C:\Program Files (x86)\NVIDIA Corporation\PhysX\Common;C:\Windows\system32;C:\Windows;C:\Windows\System32\Wbem;C:\Windows\System32\WindowsPowerShell\v1.0\;C:\Program Files\Intel\WiFi\bin\;C:\Program Files\Common Files\Intel\WirelessCommon\;C:\Program Files (x86)\Intel\OpenCL SDK\2.0\bin\x86;C:\Program Files (x86)\Intel\OpenCL SDK\2.0\bin\x64;C:\Program Files (x86)\Microsoft ASP.NET\ASP.NET Web Pages\v1.0\;C:\Program Files\Microsoft SQL Server\110\Tools\Binn\;C:\Program Files (x86)\Windows Kits\8.1\Windows Performance Toolkit\;C:\Program Files\Microsoft SQL Server\110\DTS\Binn\;C:\Program Files (x86)\Microsoft SQL Server\110\Tools\Binn\;C:\Program Files (x86)\Microsoft SQL Server\110\Tools\Binn\ManagementStudio\;C:\Program Files (x86)\Microsoft Visual Studio 10;C:\Program Files\Microsoft SQL Server\120\DTS\Binn\;C:\Program Files\Microsoft SQL Server\Client SDK\ODBC\110\Tools\Binn\;C:\Program Files (x86)\Microsoft SQL Server\120\Tools\Binn\;C:\Program Files\Microsoft SQL Server\120\Tools\Binn\;C:\Program Files (x86)\Microsoft SQL Server\120\Tools\Binn\ManagementStudio\;C:\Program Files (x86)\Microsoft SQL Server\120\DTS\Binn\;C:\Program Files\TortoiseSVN\bin;C:\Program Files\Intel\WiFi\bin\;C:\Program Files\Common Files\Intel\WirelessCommon\
USERNAME=N04155-1013
OS=Windows_NT
PROCESSOR_IDENTIFIER=Intel64 Family 6 Model 42 Stepping 7, GenuineIntel



---------------  S Y S T E M  ---------------

OS: Windows 7 , 64 bit Build 7601 Service Pack 1

CPU:total 8 (4 cores per cpu, 2 threads per core) family 6 model 42 stepping 7, cmov, cx8, fxsr, mmx, sse, sse2, sse3, ssse3, sse4.1, sse4.2, popcnt, avx, aes, ht, tsc, tscinvbit

Memory: 4k page, physical 12486704k(3795408k free), swap 24971544k(14544512k free)

vm_info: Java HotSpot(TM) 64-Bit Server VM (24.55-b03) for windows-amd64 JRE (1.7.0_55-b13), built on Mar 17 2014 19:45:30 by "java_re" with unknown MS VC++:1600

time: Fri Dec 12 18:49:08 2014
elapsed time: 0 seconds

